<?xml version="1.0" encoding="UTF-8"?>
<!-- Generated by org.testng.reporters.JUnitReportReporter -->
<testsuite skipped="0" hostname="FIS-151" name="Tests.DeleteProduct" tests="1" failures="0" timestamp="23 Sep 2018 21:25:47 GMT" time="17.144" errors="0">
  <testcase name="DeleteProduct" time="17.144" classname="Tests.DeleteProduct"/>
</testsuite> <!-- Tests.DeleteProduct -->
