<?xml version="1.0" encoding="UTF-8"?>
<!-- Generated by org.testng.reporters.JUnitReportReporter -->
<testsuite skipped="0" hostname="FIS-151" name="Tests.UserRegister" tests="1" failures="0" timestamp="22 Sep 2018 10:04:55 GMT" time="13.131" errors="0">
  <testcase name="UserRegister" time="13.131" classname="Tests.UserRegister"/>
</testsuite> <!-- Tests.UserRegister -->
