<?xml version="1.0" encoding="UTF-8"?>
<!-- Generated by org.testng.reporters.JUnitReportReporter -->
<testsuite skipped="0" hostname="FIS-151" name="Tests.UserRegisterationTestDataDrivenCSV" tests="1" failures="0" timestamp="22 Sep 2018 12:21:23 GMT" time="17.837" errors="0">
  <testcase name="registerUserSuccessfully" time="17.837" classname="Tests.UserRegisterationTestDataDrivenCSV"/>
</testsuite> <!-- Tests.UserRegisterationTestDataDrivenCSV -->
