<?xml version="1.0" encoding="UTF-8"?>
<!-- Generated by org.testng.reporters.JUnitReportReporter -->
<testsuite skipped="0" hostname="FIS-151" name="Tests.BuyProduct" tests="1" failures="0" timestamp="22 Sep 2018 22:27:29 GMT" time="39.371" errors="0">
  <testcase name="BuyProduct" time="39.371" classname="Tests.BuyProduct"/>
</testsuite> <!-- Tests.BuyProduct -->
