<?xml version="1.0" encoding="UTF-8"?>
<!-- Generated by org.testng.reporters.JUnitReportReporter -->
<testsuite skipped="0" hostname="FIS-151" name="Tests.SearchAndView" tests="1" failures="0" timestamp="22 Sep 2018 16:06:26 GMT" time="6.181" errors="0">
  <testcase name="SearchAndView" time="6.181" classname="Tests.SearchAndView"/>
</testsuite> <!-- Tests.SearchAndView -->
