<?xml version="1.0" encoding="UTF-8"?>
<!-- Generated by org.testng.reporters.JUnitReportReporter -->
<testsuite skipped="0" hostname="FIS-151" name="Tests.UpdateQuantity" tests="1" failures="0" timestamp="23 Sep 2018 19:52:14 GMT" time="25.931" errors="0">
  <testcase name="UpdateQuantity" time="25.931" classname="Tests.UpdateQuantity"/>
</testsuite> <!-- Tests.UpdateQuantity -->
