<?xml version="1.0" encoding="UTF-8"?>
<!-- Generated by org.testng.reporters.JUnitReportReporter -->
<testsuite skipped="0" hostname="FIS-151" name="Tests.Login" tests="1" failures="0" timestamp="22 Sep 2018 10:35:38 GMT" time="17.640" errors="0">
  <testcase name="login" time="17.640" classname="Tests.Login"/>
</testsuite> <!-- Tests.Login -->
