<?xml version="1.0" encoding="UTF-8"?>
<!-- Generated by org.testng.reporters.JUnitReportReporter -->
<testsuite skipped="0" hostname="FIS-151" name="Tests.EditProduct" tests="1" failures="0" timestamp="23 Sep 2018 19:37:13 GMT" time="24.484" errors="0">
  <testcase name="EditProduct" time="24.484" classname="Tests.EditProduct"/>
</testsuite> <!-- Tests.EditProduct -->
