<?xml version="1.0" encoding="UTF-8"?>
<!-- Generated by org.testng.reporters.JUnitReportReporter -->
<testsuite skipped="0" hostname="FIS-151" name="Tests.SearchProductCSV" tests="1" failures="0" timestamp="22 Sep 2018 12:36:40 GMT" time="13.042" errors="0">
  <testcase name="registerUserSuccessfully" time="13.042" classname="Tests.SearchProductCSV"/>
</testsuite> <!-- Tests.SearchProductCSV -->
